launcher/build/intermediates/manifest_merge_blame_file/debug/processDebugMainManifest/manifest-merger-blame-debug-report.txt
1<?xml version="1.0" encoding="utf-8"?>
2<manifest xmlns:android="http://schemas.android.com/apk/res/android"
3    package="com.Ntut.GameMenu"
4    android:versionCode="1"
5    android:versionName="1.0" >
6
7    <uses-sdk
8        android:minSdkVersion="25"
9        android:targetSdkVersion="36" />
10
11    <uses-permission android:name="android.permission.INTERNET" />
11-->[:unityLibrary] AndroidManifest.xml:8:5-67
11-->[:unityLibrary] AndroidManifest.xml:8:22-64
12
13    <uses-feature android:glEsVersion="0x00030000" />
13-->[:unityLibrary] AndroidManifest.xml:10:5-54
13-->[:unityLibrary] AndroidManifest.xml:10:19-51
14    <uses-feature
14-->[:unityLibrary] AndroidManifest.xml:11:5-13:36
15        android:name="android.hardware.vulkan.version"
15-->[:unityLibrary] AndroidManifest.xml:12:9-55
16        android:required="false" />
16-->[:unityLibrary] AndroidManifest.xml:13:9-33
17    <uses-feature
17-->[:unityLibrary] AndroidManifest.xml:14:5-16:36
18        android:name="android.hardware.touchscreen"
18-->[:unityLibrary] AndroidManifest.xml:15:9-52
19        android:required="false" />
19-->[:unityLibrary] AndroidManifest.xml:16:9-33
20    <uses-feature
20-->[:unityLibrary] AndroidManifest.xml:17:5-19:36
21        android:name="android.hardware.touchscreen.multitouch"
21-->[:unityLibrary] AndroidManifest.xml:18:9-63
22        android:required="false" />
22-->[:unityLibrary] AndroidManifest.xml:19:9-33
23    <uses-feature
23-->[:unityLibrary] AndroidManifest.xml:20:5-22:36
24        android:name="android.hardware.touchscreen.multitouch.distinct"
24-->[:unityLibrary] AndroidManifest.xml:21:9-72
25        android:required="false" />
25-->[:unityLibrary] AndroidManifest.xml:22:9-33
26
27    <permission
27-->[androidx.core:core:1.13.0] AndroidManifest.xml:22:5-24:47
28        android:name="com.Ntut.GameMenu.DYNAMIC_RECEIVER_NOT_EXPORTED_PERMISSION"
28-->[androidx.core:core:1.13.0] AndroidManifest.xml:23:9-81
29        android:protectionLevel="signature" />
29-->[androidx.core:core:1.13.0] AndroidManifest.xml:24:9-44
30
31    <uses-permission android:name="com.Ntut.GameMenu.DYNAMIC_RECEIVER_NOT_EXPORTED_PERMISSION" />
31-->[androidx.core:core:1.13.0] AndroidManifest.xml:26:5-97
31-->[androidx.core:core:1.13.0] AndroidManifest.xml:26:22-94
32
33    <application
33-->src\main\AndroidManifest.xml:6:5-28:19
34        android:allowBackup="true"
34-->src\main\AndroidManifest.xml:7:9-35
35        android:appCategory="game"
35-->[:unityLibrary] AndroidManifest.xml:25:9-35
36        android:appComponentFactory="androidx.core.app.CoreComponentFactory"
36-->[androidx.core:core:1.13.0] AndroidManifest.xml:28:18-86
37        android:debuggable="true"
38        android:enableOnBackInvokedCallback="false"
38-->[:unityLibrary] AndroidManifest.xml:26:9-52
39        android:extractNativeLibs="true"
40        android:icon="@mipmap/app_icon"
40-->src\main\AndroidManifest.xml:8:9-40
41        android:label="@string/app_name"
41-->src\main\AndroidManifest.xml:9:9-41
42        android:testOnly="true" >
43        <activity
43-->src\main\AndroidManifest.xml:11:9-21:20
44            android:name="com.Ntut.GameMenu.MainActivity"
44-->src\main\AndroidManifest.xml:12:13-41
45            android:exported="false"
45-->src\main\AndroidManifest.xml:13:13-37
46            android:launchMode="singleTop"
46-->src\main\AndroidManifest.xml:14:13-43
47            android:theme="@style/Theme.AppCompat.Light.NoActionBar" >
47-->src\main\AndroidManifest.xml:15:13-69
48            <intent-filter>
48-->src\main\AndroidManifest.xml:16:13-20:29
49                <action android:name="android.intent.action.MAIN" />
49-->src\main\AndroidManifest.xml:17:17-69
49-->src\main\AndroidManifest.xml:17:25-66
50
51                <category android:name="android.intent.category.LAUNCHER" />
51-->src\main\AndroidManifest.xml:19:17-77
51-->src\main\AndroidManifest.xml:19:27-74
52            </intent-filter>
53        </activity>
54        <activity
54-->src\main\AndroidManifest.xml:22:9-27:49
55            android:name="com.unity3d.player.UnityPlayerGameActivity"
55-->src\main\AndroidManifest.xml:23:13-70
56            android:configChanges="mcc|mnc|locale|touchscreen|keyboard|keyboardHidden|navigation|orientation|screenLayout|uiMode|screenSize|smallestScreenSize|fontScale|layoutDirection|density"
56-->src\main\AndroidManifest.xml:24:13-194
57            android:enabled="true"
57-->[:unityLibrary] AndroidManifest.xml:56:13-35
58            android:exported="true"
58-->src\main\AndroidManifest.xml:25:13-36
59            android:hardwareAccelerated="false"
59-->src\main\AndroidManifest.xml:26:13-48
60            android:launchMode="singleTask"
60-->[:unityLibrary] AndroidManifest.xml:59:13-44
61            android:process=":Unity"
61-->src\main\AndroidManifest.xml:27:13-37
62            android:resizeableActivity="true"
62-->[:unityLibrary] AndroidManifest.xml:60:13-46
63            android:screenOrientation="fullUser"
63-->[:unityLibrary] AndroidManifest.xml:61:13-49
64            android:theme="@style/BaseUnityGameActivityTheme" >
64-->[:unityLibrary] AndroidManifest.xml:62:13-62
65            <meta-data
65-->[:unityLibrary] AndroidManifest.xml:63:13-65:40
66                android:name="unityplayer.UnityActivity"
66-->[:unityLibrary] AndroidManifest.xml:64:17-57
67                android:value="true" />
67-->[:unityLibrary] AndroidManifest.xml:65:17-37
68            <meta-data
68-->[:unityLibrary] AndroidManifest.xml:66:13-68:40
69                android:name="android.app.lib_name"
69-->[:unityLibrary] AndroidManifest.xml:67:17-52
70                android:value="game" />
70-->[:unityLibrary] AndroidManifest.xml:68:17-37
71            <meta-data
71-->[:unityLibrary] AndroidManifest.xml:69:13-71:71
72                android:name="WindowManagerPreference:FreeformWindowSize"
72-->[:unityLibrary] AndroidManifest.xml:70:17-74
73                android:value="@string/FreeformWindowSize_maximize" />
73-->[:unityLibrary] AndroidManifest.xml:71:17-68
74            <meta-data
74-->[:unityLibrary] AndroidManifest.xml:72:13-74:79
75                android:name="WindowManagerPreference:FreeformWindowOrientation"
75-->[:unityLibrary] AndroidManifest.xml:73:17-81
76                android:value="@string/FreeformWindowOrientation_landscape" />
76-->[:unityLibrary] AndroidManifest.xml:74:17-76
77            <meta-data
77-->[:unityLibrary] AndroidManifest.xml:75:13-77:40
78                android:name="notch_support"
78-->[:unityLibrary] AndroidManifest.xml:76:17-45
79                android:value="true" />
79-->[:unityLibrary] AndroidManifest.xml:77:17-37
80
81            <layout
81-->[:unityLibrary] AndroidManifest.xml:79:13-81:44
82                android:minHeight="300px"
82-->[:unityLibrary] AndroidManifest.xml:80:17-42
83                android:minWidth="400px" />
83-->[:unityLibrary] AndroidManifest.xml:81:17-41
84        </activity>
85
86        <meta-data
86-->[:unityLibrary] AndroidManifest.xml:28:9-30:33
87            android:name="unity.splash-mode"
87-->[:unityLibrary] AndroidManifest.xml:29:13-45
88            android:value="0" />
88-->[:unityLibrary] AndroidManifest.xml:30:13-30
89        <meta-data
89-->[:unityLibrary] AndroidManifest.xml:31:9-33:36
90            android:name="unity.splash-enable"
90-->[:unityLibrary] AndroidManifest.xml:32:13-47
91            android:value="True" />
91-->[:unityLibrary] AndroidManifest.xml:33:13-33
92        <meta-data
92-->[:unityLibrary] AndroidManifest.xml:34:9-36:36
93            android:name="unity.launch-fullscreen"
93-->[:unityLibrary] AndroidManifest.xml:35:13-51
94            android:value="True" />
94-->[:unityLibrary] AndroidManifest.xml:36:13-33
95        <meta-data
95-->[:unityLibrary] AndroidManifest.xml:37:9-39:36
96            android:name="unity.render-outside-safearea"
96-->[:unityLibrary] AndroidManifest.xml:38:13-57
97            android:value="True" />
97-->[:unityLibrary] AndroidManifest.xml:39:13-33
98        <meta-data
98-->[:unityLibrary] AndroidManifest.xml:40:9-42:50
99            android:name="notch.config"
99-->[:unityLibrary] AndroidManifest.xml:41:13-40
100            android:value="portrait|landscape" />
100-->[:unityLibrary] AndroidManifest.xml:42:13-47
101        <meta-data
101-->[:unityLibrary] AndroidManifest.xml:43:9-45:36
102            android:name="unity.auto-report-fully-drawn"
102-->[:unityLibrary] AndroidManifest.xml:44:13-57
103            android:value="true" />
103-->[:unityLibrary] AndroidManifest.xml:45:13-33
104        <meta-data
104-->[:unityLibrary] AndroidManifest.xml:46:9-48:36
105            android:name="unity.strip-engine-code"
105-->[:unityLibrary] AndroidManifest.xml:47:13-51
106            android:value="true" />
106-->[:unityLibrary] AndroidManifest.xml:48:13-33
107        <meta-data
107-->[:unityLibrary] AndroidManifest.xml:49:9-51:36
108            android:name="unity.auto-set-game-state"
108-->[:unityLibrary] AndroidManifest.xml:50:13-53
109            android:value="true" />
109-->[:unityLibrary] AndroidManifest.xml:51:13-33
110
111        <provider
111-->[androidx.emoji2:emoji2:1.3.0] AndroidManifest.xml:24:9-32:20
112            android:name="androidx.startup.InitializationProvider"
112-->[androidx.emoji2:emoji2:1.3.0] AndroidManifest.xml:25:13-67
113            android:authorities="com.Ntut.GameMenu.androidx-startup"
113-->[androidx.emoji2:emoji2:1.3.0] AndroidManifest.xml:26:13-68
114            android:exported="false" >
114-->[androidx.emoji2:emoji2:1.3.0] AndroidManifest.xml:27:13-37
115            <meta-data
115-->[androidx.emoji2:emoji2:1.3.0] AndroidManifest.xml:29:13-31:52
116                android:name="androidx.emoji2.text.EmojiCompatInitializer"
116-->[androidx.emoji2:emoji2:1.3.0] AndroidManifest.xml:30:17-75
117                android:value="androidx.startup" />
117-->[androidx.emoji2:emoji2:1.3.0] AndroidManifest.xml:31:17-49
118            <meta-data
118-->[androidx.lifecycle:lifecycle-process:2.6.2] AndroidManifest.xml:29:13-31:52
119                android:name="androidx.lifecycle.ProcessLifecycleInitializer"
119-->[androidx.lifecycle:lifecycle-process:2.6.2] AndroidManifest.xml:30:17-78
120                android:value="androidx.startup" />
120-->[androidx.lifecycle:lifecycle-process:2.6.2] AndroidManifest.xml:31:17-49
121            <meta-data
121-->[androidx.profileinstaller:profileinstaller:1.4.0] AndroidManifest.xml:29:13-31:52
122                android:name="androidx.profileinstaller.ProfileInstallerInitializer"
122-->[androidx.profileinstaller:profileinstaller:1.4.0] AndroidManifest.xml:30:17-85
123                android:value="androidx.startup" />
123-->[androidx.profileinstaller:profileinstaller:1.4.0] AndroidManifest.xml:31:17-49
124        </provider>
125
126        <receiver
126-->[androidx.profileinstaller:profileinstaller:1.4.0] AndroidManifest.xml:34:9-52:20
127            android:name="androidx.profileinstaller.ProfileInstallReceiver"
127-->[androidx.profileinstaller:profileinstaller:1.4.0] AndroidManifest.xml:35:13-76
128            android:directBootAware="false"
128-->[androidx.profileinstaller:profileinstaller:1.4.0] AndroidManifest.xml:36:13-44
129            android:enabled="true"
129-->[androidx.profileinstaller:profileinstaller:1.4.0] AndroidManifest.xml:37:13-35
130            android:exported="true"
130-->[androidx.profileinstaller:profileinstaller:1.4.0] AndroidManifest.xml:38:13-36
131            android:permission="android.permission.DUMP" >
131-->[androidx.profileinstaller:profileinstaller:1.4.0] AndroidManifest.xml:39:13-57
132            <intent-filter>
132-->[androidx.profileinstaller:profileinstaller:1.4.0] AndroidManifest.xml:40:13-42:29
133                <action android:name="androidx.profileinstaller.action.INSTALL_PROFILE" />
133-->[androidx.profileinstaller:profileinstaller:1.4.0] AndroidManifest.xml:41:17-91
133-->[androidx.profileinstaller:profileinstaller:1.4.0] AndroidManifest.xml:41:25-88
134            </intent-filter>
135            <intent-filter>
135-->[androidx.profileinstaller:profileinstaller:1.4.0] AndroidManifest.xml:43:13-45:29
136                <action android:name="androidx.profileinstaller.action.SKIP_FILE" />
136-->[androidx.profileinstaller:profileinstaller:1.4.0] AndroidManifest.xml:44:17-85
136-->[androidx.profileinstaller:profileinstaller:1.4.0] AndroidManifest.xml:44:25-82
137            </intent-filter>
138            <intent-filter>
138-->[androidx.profileinstaller:profileinstaller:1.4.0] AndroidManifest.xml:46:13-48:29
139                <action android:name="androidx.profileinstaller.action.SAVE_PROFILE" />
139-->[androidx.profileinstaller:profileinstaller:1.4.0] AndroidManifest.xml:47:17-88
139-->[androidx.profileinstaller:profileinstaller:1.4.0] AndroidManifest.xml:47:25-85
140            </intent-filter>
141            <intent-filter>
141-->[androidx.profileinstaller:profileinstaller:1.4.0] AndroidManifest.xml:49:13-51:29
142                <action android:name="androidx.profileinstaller.action.BENCHMARK_OPERATION" />
142-->[androidx.profileinstaller:profileinstaller:1.4.0] AndroidManifest.xml:50:17-95
142-->[androidx.profileinstaller:profileinstaller:1.4.0] AndroidManifest.xml:50:25-92
143            </intent-filter>
144        </receiver>
145    </application>
146
147</manifest>